# JRE version: Java(TM) SE Runtime Environment (26.0.1+8) (build 26.0.1+8-34)
# Java VM: Java HotSpot(TM) 64-Bit Server VM (26.0.1+8-34, mixed mode, sharing, tiered, compressed oops, compressed class ptrs, g1 gc, windows-amd64)
GC Precious Log:
 CardTable entry size: 512
 Card Set container configuration: InlinePtr #cards 4 size 8 Array Of Cards #cards 16 size 48 Howl #buckets 8 coarsen threshold 3686 Howl Bitmap #cards 512 size 80 coarsen threshold 460 Card regions per heap region 1 cards per card region 4096
 CPUs: 8 total, 8 available
 Memory: 16221M
 Large Page Support: Disabled
 NUMA Support: Disabled
 Compressed Oops: Enabled (Zero based)
 Heap Region Size: 2M
 Heap Min Capacity: 8M
 Heap Initial Capacity: 8M
 Heap Max Capacity: 4056M
 Pre-touch: Disabled
 Parallel Workers: 8
 Concurrent Workers: 2
 Concurrent Refinement Workers: 8
 Periodic GC: Disabled
Heap:
 garbage-first heap   total reserved 4153344K, committed 442368K, used 111733K [0x0000000702800000, 0x0000000800000000)
  region size 2M, 0 eden (0M), 13 survivor (26M), 43 old (86M), 0 humongous (0M), 160 free (320M)
GC Heap Usage History (20 events):
Event: 3.285 {heap After GC invocations=18 (full 0):
 garbage-first heap   total reserved 4153344K, committed 147456K, used 30254K [0x0000000702800000, 0x0000000800000000)
  region size 2M, 0 eden (0M), 1 survivor (2M), 15 old (30M), 0 humongous (0M), 56 free (112M)
}
Event: 3.601 {heap Before GC invocations=18 (full 0):
 garbage-first heap   total reserved 4153344K, committed 147456K, used 87598K [0x0000000702800000, 0x0000000800000000)
  region size 2M, 29 eden (58M), 1 survivor (2M), 15 old (30M), 0 humongous (0M), 27 free (54M)
}
Event: 3.605 {heap After GC invocations=19 (full 0):
 garbage-first heap   total reserved 4153344K, committed 147456K, used 34573K [0x0000000702800000, 0x0000000800000000)
  region size 2M, 0 eden (0M), 3 survivor (6M), 15 old (30M), 0 humongous (0M), 54 free (108M)
}
Event: 3.738 {heap Before GC invocations=19 (full 0):
 garbage-first heap   total reserved 4153344K, committed 147456K, used 116493K [0x0000000702800000, 0x0000000800000000)
  region size 2M, 40 eden (80M), 3 survivor (6M), 15 old (30M), 0 humongous (0M), 14 free (28M)
}
Event: 3.743 {heap After GC invocations=20 (full 0):
 garbage-first heap   total reserved 4153344K, committed 147456K, used 38899K [0x0000000702800000, 0x0000000800000000)
  region size 2M, 0 eden (0M), 5 survivor (10M), 15 old (30M), 0 humongous (0M), 52 free (104M)
}
Event: 3.851 {heap Before GC invocations=20 (full 0):
 garbage-first heap   total reserved 4153344K, committed 147456K, used 116723K [0x0000000702800000, 0x0000000800000000)
  region size 2M, 38 eden (76M), 5 survivor (10M), 15 old (30M), 0 humongous (0M), 14 free (28M)
}
Event: 3.855 {heap After GC invocations=21 (full 0):
 garbage-first heap   total reserved 4153344K, committed 147456K, used 42545K [0x0000000702800000, 0x0000000800000000)
  region size 2M, 0 eden (0M), 4 survivor (8M), 18 old (36M), 0 humongous (0M), 50 free (100M)
}
Event: 3.949 {heap Before GC invocations=21 (full 0):
 garbage-first heap   total reserved 4153344K, committed 147456K, used 122417K [0x0000000702800000, 0x0000000800000000)
  region size 2M, 39 eden (78M), 4 survivor (8M), 18 old (36M), 0 humongous (0M), 11 free (22M)
}
Event: 3.952 {heap After GC invocations=22 (full 0):
 garbage-first heap   total reserved 4153344K, committed 147456K, used 45724K [0x0000000702800000, 0x0000000800000000)
  region size 2M, 0 eden (0M), 4 survivor (8M), 20 old (40M), 0 humongous (0M), 48 free (96M)
}
Event: 4.050 {heap Before GC invocations=22 (full 0):
 garbage-first heap   total reserved 4153344K, committed 147456K, used 125596K [0x0000000702800000, 0x0000000800000000)
  region size 2M, 39 eden (78M), 4 survivor (8M), 20 old (40M), 0 humongous (0M), 9 free (18M)
}
Event: 4.052 {heap After GC invocations=23 (full 0):
 garbage-first heap   total reserved 4153344K, committed 442368K, used 50196K [0x0000000702800000, 0x0000000800000000)
  region size 2M, 0 eden (0M), 4 survivor (8M), 21 old (42M), 0 humongous (0M), 191 free (382M)
}
Event: 4.437 {heap Before GC invocations=23 (full 0):
 garbage-first heap   total reserved 4153344K, committed 442368K, used 306196K [0x0000000702800000, 0x0000000800000000)
  region size 2M, 125 eden (250M), 4 survivor (8M), 21 old (42M), 0 humongous (0M), 66 free (132M)
}
Event: 4.442 {heap After GC invocations=24 (full 0):
 garbage-first heap   total reserved 4153344K, committed 442368K, used 62442K [0x0000000702800000, 0x0000000800000000)
  region size 2M, 0 eden (0M), 10 survivor (20M), 21 old (42M), 0 humongous (0M), 185 free (370M)
}
Event: 4.668 {heap Before GC invocations=24 (full 0):
 garbage-first heap   total reserved 4153344K, committed 442368K, used 306154K [0x0000000702800000, 0x0000000800000000)
  region size 2M, 119 eden (238M), 10 survivor (20M), 21 old (42M), 0 humongous (0M), 66 free (132M)
}
Event: 4.673 {heap After GC invocations=25 (full 0):
 garbage-first heap   total reserved 4153344K, committed 442368K, used 73589K [0x0000000702800000, 0x0000000800000000)
  region size 2M, 0 eden (0M), 14 survivor (28M), 23 old (46M), 0 humongous (0M), 179 free (358M)
}
Event: 4.869 {heap Before GC invocations=25 (full 0):
 garbage-first heap   total reserved 4153344K, committed 442368K, used 309109K [0x0000000702800000, 0x0000000800000000)
  region size 2M, 115 eden (230M), 14 survivor (28M), 23 old (46M), 0 humongous (0M), 64 free (128M)
}
Event: 4.874 {heap After GC invocations=26 (full 0):
 garbage-first heap   total reserved 4153344K, committed 442368K, used 86925K [0x0000000702800000, 0x0000000800000000)
  region size 2M, 0 eden (0M), 12 survivor (24M), 31 old (62M), 0 humongous (0M), 173 free (346M)
}
Event: 5.071 {heap Before GC invocations=26 (full 0):
 garbage-first heap   total reserved 4153344K, committed 442368K, used 326541K [0x0000000702800000, 0x0000000800000000)
  region size 2M, 117 eden (234M), 12 survivor (24M), 31 old (62M), 0 humongous (0M), 56 free (112M)
}
Event: 5.076 {heap After GC invocations=27 (full 0):
 garbage-first heap   total reserved 4153344K, committed 442368K, used 98002K [0x0000000702800000, 0x0000000800000000)
  region size 2M, 0 eden (0M), 12 survivor (24M), 37 old (74M), 0 humongous (0M), 167 free (334M)
}
Event: 5.240 {heap Before GC invocations=27 (full 0):
 garbage-first heap   total reserved 4153344K, committed 442368K, used 337618K [0x0000000702800000, 0x0000000800000000)
  region size 2M, 117 eden (234M), 12 survivor (24M), 37 old (74M), 0 humongous (0M), 50 free (100M)
}

