# JRE version: Java(TM) SE Runtime Environment (26.0.1+8) (build 26.0.1+8-34)
# Java VM: Java HotSpot(TM) 64-Bit Server VM (26.0.1+8-34, mixed mode, sharing, tiered, compressed oops, compressed class ptrs, g1 gc, windows-amd64)
GC Precious Log:
 CardTable entry size: 512
 Card Set container configuration: InlinePtr #cards 4 size 8 Array Of Cards #cards 16 size 48 Howl #buckets 8 coarsen threshold 3686 Howl Bitmap #cards 512 size 80 coarsen threshold 460 Card regions per heap region 1 cards per card region 4096
 CPUs: 8 total, 8 available
 Memory: 16221M
 Large Page Support: Disabled
 NUMA Support: Disabled
 Compressed Oops: Enabled (Zero based)
 Heap Region Size: 2M
 Heap Min Capacity: 8M
 Heap Initial Capacity: 8M
 Heap Max Capacity: 4056M
 Pre-touch: Disabled
 Parallel Workers: 8
 Concurrent Workers: 2
 Concurrent Refinement Workers: 8
 Periodic GC: Disabled
Heap:
 garbage-first heap   total reserved 4153344K, committed 516096K, used 102454K [0x0000000702800000, 0x0000000800000000)
  region size 2M, 0 eden (0M), 15 survivor (30M), 36 old (72M), 0 humongous (0M), 201 free (402M)
GC Heap Usage History (20 events):
Event: 2.655 {heap After GC invocations=16 (full 0):
 garbage-first heap   total reserved 4153344K, committed 57344K, used 29182K [0x0000000702800000, 0x0000000800000000)
  region size 2M, 0 eden (0M), 1 survivor (2M), 15 old (30M), 0 humongous (0M), 12 free (24M)
}
Event: 2.707 {heap Before GC invocations=17 (full 0):
 garbage-first heap   total reserved 4153344K, committed 57344K, used 37374K [0x0000000702800000, 0x0000000800000000)
  region size 2M, 5 eden (10M), 1 survivor (2M), 15 old (30M), 0 humongous (0M), 7 free (14M)
}
Event: 2.708 {heap After GC invocations=18 (full 0):
 garbage-first heap   total reserved 4153344K, committed 57344K, used 29387K [0x0000000702800000, 0x0000000800000000)
  region size 2M, 0 eden (0M), 1 survivor (2M), 15 old (30M), 0 humongous (0M), 12 free (24M)
}
Event: 2.742 {heap Before GC invocations=18 (full 0):
 garbage-first heap   total reserved 4153344K, committed 57344K, used 39627K [0x0000000702800000, 0x0000000800000000)
  region size 2M, 6 eden (12M), 1 survivor (2M), 15 old (30M), 0 humongous (0M), 6 free (12M)
}
Event: 2.744 {heap After GC invocations=19 (full 0):
 garbage-first heap   total reserved 4153344K, committed 172032K, used 28867K [0x0000000702800000, 0x0000000800000000)
  region size 2M, 0 eden (0M), 1 survivor (2M), 14 old (28M), 0 humongous (0M), 69 free (138M)
}
Event: 2.902 {heap Before GC invocations=19 (full 0):
 garbage-first heap   total reserved 4153344K, committed 172032K, used 98499K [0x0000000702800000, 0x0000000800000000)
  region size 2M, 35 eden (70M), 1 survivor (2M), 14 old (28M), 0 humongous (0M), 34 free (68M)
}
Event: 2.905 {heap After GC invocations=20 (full 0):
 garbage-first heap   total reserved 4153344K, committed 172032K, used 32255K [0x0000000702800000, 0x0000000800000000)
  region size 2M, 0 eden (0M), 3 survivor (6M), 14 old (28M), 0 humongous (0M), 67 free (134M)
}
Event: 3.053 {heap Before GC invocations=20 (full 0):
 garbage-first heap   total reserved 4153344K, committed 172032K, used 128511K [0x0000000702800000, 0x0000000800000000)
  region size 2M, 47 eden (94M), 3 survivor (6M), 14 old (28M), 0 humongous (0M), 20 free (40M)
}
Event: 3.057 {heap After GC invocations=21 (full 0):
 garbage-first heap   total reserved 4153344K, committed 172032K, used 36555K [0x0000000702800000, 0x0000000800000000)
  region size 2M, 0 eden (0M), 5 survivor (10M), 14 old (28M), 0 humongous (0M), 65 free (130M)
}
Event: 3.170 {heap Before GC invocations=21 (full 0):
 garbage-first heap   total reserved 4153344K, committed 172032K, used 128715K [0x0000000702800000, 0x0000000800000000)
  region size 2M, 45 eden (90M), 5 survivor (10M), 14 old (28M), 0 humongous (0M), 20 free (40M)
}
Event: 3.172 {heap After GC invocations=22 (full 0):
 garbage-first heap   total reserved 4153344K, committed 172032K, used 41045K [0x0000000702800000, 0x0000000800000000)
  region size 2M, 0 eden (0M), 6 survivor (12M), 15 old (30M), 0 humongous (0M), 63 free (126M)
}
Event: 3.249 {heap Before GC invocations=22 (full 0):
 garbage-first heap   total reserved 4153344K, committed 172032K, used 131157K [0x0000000702800000, 0x0000000800000000)
  region size 2M, 44 eden (88M), 6 survivor (12M), 15 old (30M), 0 humongous (0M), 19 free (38M)
}
Event: 3.254 {heap After GC invocations=23 (full 0):
 garbage-first heap   total reserved 4153344K, committed 516096K, used 44681K [0x0000000702800000, 0x0000000800000000)
  region size 2M, 0 eden (0M), 5 survivor (10M), 18 old (36M), 0 humongous (0M), 229 free (458M)
}
Event: 3.594 {heap Before GC invocations=23 (full 0):
 garbage-first heap   total reserved 4153344K, committed 516096K, used 343689K [0x0000000702800000, 0x0000000800000000)
  region size 2M, 146 eden (292M), 5 survivor (10M), 18 old (36M), 0 humongous (0M), 83 free (166M)
}
Event: 3.601 {heap After GC invocations=24 (full 0):
 garbage-first heap   total reserved 4153344K, committed 516096K, used 59213K [0x0000000702800000, 0x0000000800000000)
  region size 2M, 0 eden (0M), 12 survivor (24M), 18 old (36M), 0 humongous (0M), 222 free (444M)
}
Event: 3.808 {heap Before GC invocations=24 (full 0):
 garbage-first heap   total reserved 4153344K, committed 516096K, used 343885K [0x0000000702800000, 0x0000000800000000)
  region size 2M, 139 eden (278M), 12 survivor (24M), 18 old (36M), 0 humongous (0M), 83 free (166M)
}
Event: 3.815 {heap After GC invocations=25 (full 0):
 garbage-first heap   total reserved 4153344K, committed 516096K, used 73639K [0x0000000702800000, 0x0000000800000000)
  region size 2M, 0 eden (0M), 17 survivor (34M), 20 old (40M), 0 humongous (0M), 215 free (430M)
}
Event: 4.011 {heap Before GC invocations=25 (full 0):
 garbage-first heap   total reserved 4153344K, committed 516096K, used 348071K [0x0000000702800000, 0x0000000800000000)
  region size 2M, 134 eden (268M), 17 survivor (34M), 20 old (40M), 0 humongous (0M), 81 free (162M)
}
Event: 4.017 {heap After GC invocations=26 (full 0):
 garbage-first heap   total reserved 4153344K, committed 516096K, used 87337K [0x0000000702800000, 0x0000000800000000)
  region size 2M, 0 eden (0M), 14 survivor (28M), 30 old (60M), 0 humongous (0M), 208 free (416M)
}
Event: 4.210 {heap Before GC invocations=26 (full 0):
 garbage-first heap   total reserved 4153344K, committed 516096K, used 367913K [0x0000000702800000, 0x0000000800000000)
  region size 2M, 137 eden (274M), 14 survivor (28M), 30 old (60M), 0 humongous (0M), 71 free (142M)
}

