<?xml version="1.0" encoding="UTF-8"?>
<testsuite name="Transfer Engine Tests" tests="8" skipped="0" failures="0" errors="0" timestamp="2026-07-02T05:41:45.924Z" hostname="PARTH" time="0.225">
  <properties/>
  <testcase name="compression estimation detects compressible data" classname="com.p2p.transfer.engine.TransferEngineTest" time="0.074"/>
  <testcase name="prepare and process chunk pipeline" classname="com.p2p.transfer.engine.TransferEngineTest" time="0.067"/>
  <testcase name="createMetadata computes correct values for file" classname="com.p2p.transfer.engine.TransferEngineTest" time="0.005"/>
  <testcase name="createMetadata identifies directories" classname="com.p2p.transfer.engine.TransferEngineTest" time="0.003"/>
  <testcase name="chunked read and write round-trip" classname="com.p2p.transfer.engine.TransferEngineTest" time="0.008"/>
  <testcase name="directory scanning finds all entries" classname="com.p2p.transfer.engine.TransferEngineTest" time="0.042"/>
  <testcase name="compression round-trip is lossless" classname="com.p2p.transfer.engine.TransferEngineTest" time="0.002"/>
  <testcase name="writer detects hash mismatch" classname="com.p2p.transfer.engine.TransferEngineTest" time="0.005"/>
  <system-out><![CDATA[11:11:46.073 [Test worker] INFO com.p2p.transfer.engine.ChunkedFileWriter -- Transfer complete: C:\Users\parth\AppData\Local\Temp\junit-11932990981080657905\pipeline-out.txt
11:11:46.096 [Test worker] INFO com.p2p.transfer.engine.ChunkedFileWriter -- Transfer complete: C:\Users\parth\AppData\Local\Temp\junit-16364262033948537123\dest.bin
11:11:46.147 [Test worker] WARN com.p2p.transfer.engine.ChunkedFileWriter -- Chunk 0 hash mismatch: expected=badhash, actual=5f70bf18a086007016e948b04aed3b82103a36bea41755b6cddfaf10ace3c6ef
]]></system-out>
  <system-err><![CDATA[]]></system-err>
</testsuite>
