<?xml version="1.0" encoding="UTF-8"?>
<testsuite name="FileUtils Tests" tests="10" skipped="0" failures="0" errors="0" timestamp="2026-07-02T05:41:41.973Z" hostname="PARTH" time="0.046">
  <properties/>
  <testcase name="ensureParentDirs creates directories" classname="com.p2p.core.util.FileUtilsTest" time="0.012"/>
  <testcase name="safeDelete deletes file without throwing" classname="com.p2p.core.util.FileUtilsTest" time="0.003"/>
  <testcase name="totalSize computes directory size recursively" classname="com.p2p.core.util.FileUtilsTest" time="0.004"/>
  <testcase name="sha256 computes correct hash for known input" classname="com.p2p.core.util.FileUtilsTest" time="0.002"/>
  <testcase name="availableDiskSpace returns positive value" classname="com.p2p.core.util.FileUtilsTest" time="0.003"/>
  <testcase name="formatSize returns human-readable strings" classname="com.p2p.core.util.FileUtilsTest" time="0.002"/>
  <testcase name="normalizePath converts backslashes" classname="com.p2p.core.util.FileUtilsTest" time="0.002"/>
  <testcase name="hasSufficientDiskSpace works correctly" classname="com.p2p.core.util.FileUtilsTest" time="0.004"/>
  <testcase name="totalSize computes file size correctly" classname="com.p2p.core.util.FileUtilsTest" time="0.003"/>
  <testcase name="sha256 of byte array matches file hash" classname="com.p2p.core.util.FileUtilsTest" time="0.004"/>
  <system-out><![CDATA[]]></system-out>
  <system-err><![CDATA[]]></system-err>
</testsuite>
