<?xml version="1.0" encoding="UTF-8"?>
<testsuite name="FileMetadata Tests" tests="8" skipped="0" failures="0" errors="0" timestamp="2026-07-02T05:08:33.756Z" hostname="PARTH" time="0.012">
  <properties/>
  <testcase name="isCompressible detects incompressible extensions" classname="com.p2p.core.model.FileMetadataTest" time="0.001"/>
  <testcase name="formattedSize returns human-readable strings" classname="com.p2p.core.model.FileMetadataTest" time="0.003"/>
  <testcase name="rejects negative file size" classname="com.p2p.core.model.FileMetadataTest" time="0.001"/>
  <testcase name="rejects zero chunk size for non-directory" classname="com.p2p.core.model.FileMetadataTest" time="0.0"/>
  <testcase name="exact chunk boundary has correct count" classname="com.p2p.core.model.FileMetadataTest" time="0.0"/>
  <testcase name="calculates total chunks correctly" classname="com.p2p.core.model.FileMetadataTest" time="0.0"/>
  <testcase name="directory has zero chunks" classname="com.p2p.core.model.FileMetadataTest" time="0.0"/>
  <testcase name="zero-size file has zero chunks" classname="com.p2p.core.model.FileMetadataTest" time="0.001"/>
  <system-out><![CDATA[]]></system-out>
  <system-err><![CDATA[]]></system-err>
</testsuite>
