<?xml version="1.0" encoding="UTF-8"?>
<testsuite name="TransferSession Tests" tests="11" skipped="0" failures="0" errors="0" timestamp="2026-07-02T05:41:41.946Z" hostname="PARTH" time="0.019">
  <properties/>
  <testcase name="chunk tracking works correctly" classname="com.p2p.core.model.TransferSessionTest" time="0.004"/>
  <testcase name="duplicate chunk completion is idempotent" classname="com.p2p.core.model.TransferSessionTest" time="0.001"/>
  <testcase name="fail() sets error message and terminal state" classname="com.p2p.core.model.TransferSessionTest" time="0.0"/>
  <testcase name="initial state is PENDING" classname="com.p2p.core.model.TransferSessionTest" time="0.0"/>
  <testcase name="markChunkCompleted rejects negative index" classname="com.p2p.core.model.TransferSessionTest" time="0.001"/>
  <testcase name="markChunkCompleted updates progress" classname="com.p2p.core.model.TransferSessionTest" time="0.001"/>
  <testcase name="valid state transitions work" classname="com.p2p.core.model.TransferSessionTest" time="0.002"/>
  <testcase name="getProgress() returns accurate snapshot" classname="com.p2p.core.model.TransferSessionTest" time="0.002"/>
  <testcase name="FAILED and CANCELLED always reachable from non-terminal" classname="com.p2p.core.model.TransferSessionTest" time="0.001"/>
  <testcase name="cannot transition from terminal state" classname="com.p2p.core.model.TransferSessionTest" time="0.002"/>
  <testcase name="invalid transitions throw IllegalStateException" classname="com.p2p.core.model.TransferSessionTest" time="0.001"/>
  <system-out><![CDATA[]]></system-out>
  <system-err><![CDATA[]]></system-err>
</testsuite>
