<?xml version="1.0" encoding="UTF-8"?>
<testsuite name="NetworkUtils Tests" tests="5" skipped="0" failures="0" errors="0" timestamp="2026-07-02T05:41:42.020Z" hostname="PARTH" time="0.025">
  <properties/>
  <testcase name="getPreferredLocalAddress returns non-null" classname="com.p2p.core.util.NetworkUtilsTest" time="0.009"/>
  <testcase name="isPortAvailable returns true for ephemeral ports" classname="com.p2p.core.util.NetworkUtilsTest" time="0.003"/>
  <testcase name="getActiveInterfaces returns list without loopback" classname="com.p2p.core.util.NetworkUtilsTest" time="0.009"/>
  <testcase name="findAvailablePort finds something in range" classname="com.p2p.core.util.NetworkUtilsTest" time="0.001"/>
  <testcase name="formatEndpoint produces correct format" classname="com.p2p.core.util.NetworkUtilsTest" time="0.002"/>
  <system-out><![CDATA[]]></system-out>
  <system-err><![CDATA[]]></system-err>
</testsuite>
